#
# There is insufficient memory for the Java Runtime Environment to continue.
# Native memory allocation (malloc) failed to allocate 1792 bytes for AllocateHeap
# Possible reasons:
#   The system is out of physical RAM or swap space
#   The process is running with CompressedOops enabled, and the Java Heap may be blocking the growth of the native heap
# Possible solutions:
#   Reduce memory load on the system
#   Increase physical memory or swap space
#   Check if swap backing store is full
#   Decrease Java heap size (-Xmx/-Xms)
#   Decrease number of Java threads
#   Decrease Java thread stack sizes (-Xss)
#   Set larger code cache with -XX:ReservedCodeCacheSize=
#   JVM is running with Unscaled Compressed Oops mode in which the Java heap is
#     placed in the first 4GB address space. The Java Heap base address is the
#     maximum limit for the native heap growth. Please use -XX:HeapBaseMinAddress
#     to set the Java Heap base and to place the Java Heap above 4GB virtual address.
# This output file may be truncated or incomplete.
#
#  Out of Memory Error (memory/allocation.inline.hpp:61), pid=18552, tid=0x0000000000001d04
#
# JRE version: Java(TM) SE Runtime Environment (8.0_201-b09) (build 1.8.0_201-b09)
# Java VM: Java HotSpot(TM) 64-Bit Server VM (25.201-b09 mixed mode windows-amd64 compressed oops)
# Failed to write core dump. Minidumps are not enabled by default on client versions of Windows
#

---------------  T H R E A D  ---------------

Current thread (0x0000000002f0c000):  GCTaskThread [stack: 0x0000000012a40000,0x0000000012b40000] [id=7428]

Stack: [0x0000000012a40000,0x0000000012b40000]
[error occurred during error reporting (printing stack bounds), id 0xc0000005]

Native frames: (J=compiled Java code, j=interpreted, Vv=VM code, C=native code)

JavaThread 0x0000000002ef7000 (nid = 19736) was being processed
Java frames: (J=compiled Java code, j=interpreted, Vv=VM code)
j  java.net.ServerSocket.setImpl()V+26
j  java.net.ServerSocket.<init>(IILjava/net/InetAddress;)V+36
j  java.net.ServerSocket.<init>(I)V+5
j  sun.rmi.transport.proxy.RMIDirectSocketFactory.createServerSocket(I)Ljava/net/ServerSocket;+5
j  sun.rmi.transport.proxy.RMIMasterSocketFactory.createServerSocket(I)Ljava/net/ServerSocket;+5
j  sun.rmi.transport.tcp.TCPEndpoint.newServerSocket()Ljava/net/ServerSocket;+58
j  sun.rmi.transport.tcp.TCPTransport.listen()V+85
j  sun.rmi.transport.tcp.TCPTransport.exportObject(Lsun/rmi/transport/Target;)V+5
j  sun.rmi.transport.tcp.TCPEndpoint.exportObject(Lsun/rmi/transport/Target;)V+5
j  sun.rmi.transport.LiveRef.exportObject(Lsun/rmi/transport/Target;)V+5
j  sun.rmi.server.UnicastServerRef.exportObject(Ljava/rmi/Remote;Ljava/lang/Object;Z)Ljava/rmi/Remote;+78
j  sun.management.jmxremote.ConnectorBootstrap$PermanentExporter.exportObject(Ljava/rmi/Remote;ILjava/rmi/server/RMIClientSocketFactory;Ljava/rmi/server/RMIServerSocketFactory;)Ljava/rmi/Remote;+71
j  javax.management.remote.rmi.RMIJRMPServerImpl.export(Ljava/rmi/Remote;)V+127
j  javax.management.remote.rmi.RMIJRMPServerImpl.export()V+12
j  javax.management.remote.rmi.RMIConnectorServer.start()V+270
j  sun.management.jmxremote.ConnectorBootstrap.exportMBeanServer(Ljavax/management/MBeanServer;IIZZLjava/lang/String;[Ljava/lang/String;[Ljava/lang/String;ZZLjava/lang/String;Ljava/lang/String;Ljava/lang/String;Ljava/lang/String;)Lsun/management/jmxremote/ConnectorBootstrap$JMXConnectorServerData;+304
j  sun.management.jmxremote.ConnectorBootstrap.startRemoteConnectorServer(Ljava/lang/String;Ljava/util/Properties;)Ljavax/management/remote/JMXConnectorServer;+820
j  sun.management.Agent.startAgent(Ljava/util/Properties;)V+66
j  sun.management.Agent.startAgent()V+19
v  ~StubRoutines::call_stub

---------------  P R O C E S S  ---------------

Java Threads: ( => current thread )
  0x00000000194c0800 JavaThread "Service Thread" daemon [_thread_blocked, id=19336, stack(0x0000000019890000,0x0000000019990000)]
  0x0000000017a59000 JavaThread "C1 CompilerThread2" daemon [_thread_blocked, id=8520, stack(0x0000000019390000,0x0000000019490000)]
  0x0000000017a46800 JavaThread "C2 CompilerThread1" daemon [_thread_blocked, id=328, stack(0x0000000019290000,0x0000000019390000)]
  0x0000000017a44800 JavaThread "C2 CompilerThread0" daemon [_thread_blocked, id=4036, stack(0x0000000019190000,0x0000000019290000)]
  0x0000000017a43000 JavaThread "Attach Listener" daemon [_thread_blocked, id=12720, stack(0x0000000019090000,0x0000000019190000)]
  0x0000000017a4b800 JavaThread "Signal Dispatcher" daemon [_thread_blocked, id=2236, stack(0x0000000018f90000,0x0000000019090000)]
  0x0000000017a30000 JavaThread "Finalizer" daemon [_thread_blocked, id=4540, stack(0x0000000018ca0000,0x0000000018da0000)]
  0x0000000002fe5000 JavaThread "Reference Handler" daemon [_thread_blocked, id=18648, stack(0x0000000018ba0000,0x0000000018ca0000)]
  0x0000000002ef7000 JavaThread "main" [_thread_blocked, id=19736, stack(0x0000000002df0000,0x0000000002ef0000)]

Other Threads:
  0x0000000017a08000 VMThread [stack: 0x0000000018aa0000,0x0000000018ba0000] [id=13500]

=>0x0000000002f0c000 (exited) GCTaskThread [stack: 0x0000000012a40000,0x0000000012b40000] [id=7428]

VM state:at safepoint (normal execution)

VM Mutex/Monitor currently owned by a thread:  ([mutex/lock_event])
[0x0000000002ef2e00] OopMapCacheAlloc_lock - owner thread: 0x0000000002f0c000
[0x0000000002ef3450] Threads_lock - owner thread: 0x0000000017a08000
[0x0000000002ef3650] Heap_lock - owner thread: 0x0000000002ef7000

heap address: 0x0000000083200000, size: 1998 MB, Compressed Oops mode: 32-bit
Narrow klass base: 0x0000000000000000, Narrow klass shift: 3
Compressed class space size: 1073741824 Address: 0x0000000100000000

Heap:
 PSYoungGen      total 37888K, used 5898K [0x00000000d6600000, 0x00000000d9000000, 0x0000000100000000)
  eden space 32768K, 18% used [0x00000000d6600000,0x00000000d6bc29a0,0x00000000d8600000)
  from space 5120K, 0% used [0x00000000d8b00000,0x00000000d8b00000,0x00000000d9000000)
  to   space 5120K, 27% used [0x00000000d8600000,0x00000000d8764010,0x00000000d8b00000)
 ParOldGen       total 86016K, used 8K [0x0000000083200000, 0x0000000088600000, 0x00000000d6600000)
  object space 86016K, 0% used [0x0000000083200000,0x0000000083202000,0x0000000088600000)
 Metaspace       used 6364K, capacity 6444K, committed 6528K, reserved 1060864K
  class space    used 794K, capacity 850K, committed 896K, reserved 1048576K

Card table byte_map: [0x00000000123b0000,0x00000000127a0000] byte_map_base: 0x0000000011f97000

Marking Bits: (ParMarkBitMap*) 0x0000000072f44ce0
 Begin Bits: [0x0000000012e40000, 0x0000000014d78000)
 End Bits:   [0x0000000014d78000, 0x0000000016cb0000)

Polling page: 0x0000000000f50000

CodeCache: size=245760Kb used=1688Kb max_used=1688Kb free=244071Kb
 bounds [0x0000000002ff0000, 0x0000000003260000, 0x0000000011ff0000]
 total_blobs=785 nmethods=455 adapters=243
 compilation: enabled

Compilation events (10 events):
Event: 1.327 Thread 0x0000000017a59000  450       1       java.lang.invoke.InvokerBytecodeGenerator::loadInsnOpcode (86 bytes)
Event: 1.327 Thread 0x0000000017a59000 nmethod 450 0x00000000031940d0 code [0x0000000003194280, 0x0000000003194698]
Event: 1.327 Thread 0x0000000017a59000  449       1       java.lang.invoke.InvokerBytecodeGenerator::emitLoadInsn (21 bytes)
Event: 1.327 Thread 0x0000000017a59000 nmethod 449 0x0000000003194b90 code [0x0000000003194d00, 0x0000000003194e98]
Event: 1.327 Thread 0x0000000017a59000  453       1       jdk.internal.org.objectweb.asm.ByteVector::<init> (13 bytes)
Event: 1.327 Thread 0x0000000017a59000 nmethod 453 0x0000000003194f90 code [0x00000000031950e0, 0x0000000003195290]
Event: 1.327 Thread 0x0000000017a59000  454       1       jdk.internal.org.objectweb.asm.ByteVector::putByteArray (49 bytes)
Event: 1.327 Thread 0x0000000017a59000 nmethod 454 0x0000000003195310 code [0x0000000003195480, 0x00000000031956d8]
Event: 1.331 Thread 0x0000000017a59000  455       1       java.util.concurrent.ConcurrentHashMap::addCount (292 bytes)
Event: 1.332 Thread 0x0000000017a59000 nmethod 455 0x00000000031957d0 code [0x0000000003195980, 0x0000000003195e48]

GC Heap History (1 events):
Event: 1.335 GC heap before
{Heap before GC invocations=1 (full 0):
 PSYoungGen      total 37888K, used 5898K [0x00000000d6600000, 0x00000000d9000000, 0x0000000100000000)
  eden space 32768K, 18% used [0x00000000d6600000,0x00000000d6bc29a0,0x00000000d8600000)
  from space 5120K, 0% used [0x00000000d8b00000,0x00000000d8b00000,0x00000000d9000000)
  to   space 5120K, 0% used [0x00000000d8600000,0x00000000d8600000,0x00000000d8b00000)
 ParOldGen       total 86016K, used 0K [0x0000000083200000, 0x0000000088600000, 0x00000000d6600000)
  object space 86016K, 0% used [0x0000000083200000,0x0000000083200000,0x0000000088600000)
 Metaspace       used 6364K, capacity 6444K, committed 6528K, reserved 1060864K
  class space    used 794K, capacity 850K, committed 896K, reserved 1048576K

Deoptimization events (0 events):
No events

Classes redefined (0 events):
No events

Internal exceptions (10 events):
Event: 0.315 Thread 0x0000000002ef7000 Exception <a 'java/lang/ArrayIndexOutOfBoundsException'> (0x00000000d6730900) thrown at [C:\re\workspace\8-2-build-windows-amd64-cygwin\jdk8u201\12322\hotspot\src\share\vm\runtime\sharedRuntime.cpp, line 605]
Event: 0.324 Thread 0x0000000002ef7000 Exception <a 'java/lang/ArrayIndexOutOfBoundsException'> (0x00000000d67fa218) thrown at [C:\re\workspace\8-2-build-windows-amd64-cygwin\jdk8u201\12322\hotspot\src\share\vm\runtime\sharedRuntime.cpp, line 605]
Event: 0.338 Thread 0x0000000002ef7000 Exception <a 'java/lang/ArrayIndexOutOfBoundsException'> (0x00000000d680cb90) thrown at [C:\re\workspace\8-2-build-windows-amd64-cygwin\jdk8u201\12322\hotspot\src\share\vm\runtime\sharedRuntime.cpp, line 605]
Event: 0.374 Thread 0x0000000002ef7000 Exception <a 'java/security/PrivilegedActionException'> (0x00000000d685ab98) thrown at [C:\re\workspace\8-2-build-windows-amd64-cygwin\jdk8u201\12322\hotspot\src\share\vm\prims\jvm.cpp, line 1502]
Event: 0.374 Thread 0x0000000002ef7000 Exception <a 'java/security/PrivilegedActionException'> (0x00000000d685ada8) thrown at [C:\re\workspace\8-2-build-windows-amd64-cygwin\jdk8u201\12322\hotspot\src\share\vm\prims\jvm.cpp, line 1502]
Event: 0.375 Thread 0x0000000002ef7000 Exception <a 'java/security/PrivilegedActionException'> (0x00000000d685ea18) thrown at [C:\re\workspace\8-2-build-windows-amd64-cygwin\jdk8u201\12322\hotspot\src\share\vm\prims\jvm.cpp, line 1502]
Event: 0.375 Thread 0x0000000002ef7000 Exception <a 'java/security/PrivilegedActionException'> (0x00000000d685ec28) thrown at [C:\re\workspace\8-2-build-windows-amd64-cygwin\jdk8u201\12322\hotspot\src\share\vm\prims\jvm.cpp, line 1502]
Event: 1.264 Thread 0x0000000002ef7000 Exception <a 'java/lang/ClassNotFoundException': javax/management/remote/rmi/RMIJRMPServerImpl$ExportedWrapper_Stub> (0x00000000d6a58090) thrown at [C:\re\workspace\8-2-build-windows-amd64-cygwin\jdk8u201\12322\hotspot\src\share\vm\classfile\systemDiction
Event: 1.313 Thread 0x0000000002ef7000 Exception <a 'java/lang/NoSuchFieldError': method resolution failed> (0x00000000d6b35d68) thrown at [C:\re\workspace\8-2-build-windows-amd64-cygwin\jdk8u201\12322\hotspot\src\share\vm\prims\methodHandles.cpp, line 1167]
Event: 1.314 Thread 0x0000000002ef7000 Exception <a 'java/lang/NoSuchFieldError': method resolution failed> (0x00000000d6b43538) thrown at [C:\re\workspace\8-2-build-windows-amd64-cygwin\jdk8u201\12322\hotspot\src\share\vm\prims\methodHandles.cpp, line 1167]

Events (10 events):
Event: 1.333 loading class java/net/ServerSocket done
Event: 1.333 loading class java/net/SocksSocketImpl
Event: 1.334 loading class java/net/SocksConsts
Event: 1.334 loading class java/net/SocksConsts done
Event: 1.334 loading class java/net/PlainSocketImpl
Event: 1.334 loading class java/net/AbstractPlainSocketImpl
Event: 1.335 loading class java/net/SocketImpl
Event: 1.335 loading class java/net/SocketOptions
Event: 1.335 loading class java/net/SocketOptions done
Event: 1.335 Executing VM operation: CollectForMetadataAllocation


Dynamic libraries:
0x00007ff602fd0000 - 0x00007ff603007000 	C:\Program Files\Java\jre1.8.0_201\bin\javaw.exe
0x00007ffd66e40000 - 0x00007ffd67021000 	C:\WINDOWS\SYSTEM32\ntdll.dll
0x00007ffd64430000 - 0x00007ffd644e1000 	C:\WINDOWS\System32\KERNEL32.DLL
0x00007ffd63430000 - 0x00007ffd636a3000 	C:\WINDOWS\System32\KERNELBASE.dll
0x00007ffd642d0000 - 0x00007ffd64371000 	C:\WINDOWS\System32\ADVAPI32.dll
0x00007ffd66d60000 - 0x00007ffd66dfe000 	C:\WINDOWS\System32\msvcrt.dll
0x00007ffd65db0000 - 0x00007ffd65e0b000 	C:\WINDOWS\System32\sechost.dll
0x00007ffd66a10000 - 0x00007ffd66b34000 	C:\WINDOWS\System32\RPCRT4.dll
0x00007ffd65fd0000 - 0x00007ffd66160000 	C:\WINDOWS\System32\USER32.dll
0x00007ffd641b0000 - 0x00007ffd641d0000 	C:\WINDOWS\System32\win32u.dll
0x00007ffd65fa0000 - 0x00007ffd65fc8000 	C:\WINDOWS\System32\GDI32.dll
0x00007ffd63290000 - 0x00007ffd63422000 	C:\WINDOWS\System32\gdi32full.dll
0x00007ffd63f20000 - 0x00007ffd63fbf000 	C:\WINDOWS\System32\msvcp_win.dll
0x00007ffd641d0000 - 0x00007ffd642c8000 	C:\WINDOWS\System32\ucrtbase.dll
0x00007ffd4c5a0000 - 0x00007ffd4c809000 	C:\WINDOWS\WinSxS\amd64_microsoft.windows.common-controls_6595b64144ccf1df_6.0.17134.706_none_fb43a2cb30647007\COMCTL32.dll
0x00007ffd64550000 - 0x00007ffd64872000 	C:\WINDOWS\System32\combase.dll
0x00007ffd63210000 - 0x00007ffd6328a000 	C:\WINDOWS\System32\bcryptPrimitives.dll
0x00007ffd66870000 - 0x00007ffd6689d000 	C:\WINDOWS\System32\IMM32.DLL
0x0000000074100000 - 0x00000000741d1000 	C:\Program Files\Java\jre1.8.0_201\bin\msvcr100.dll
0x0000000072720000 - 0x0000000072fc4000 	C:\Program Files\Java\jre1.8.0_201\bin\server\jvm.dll
0x00007ffd65f90000 - 0x00007ffd65f98000 	C:\WINDOWS\System32\PSAPI.DLL
0x00007ffd3fe80000 - 0x00007ffd3fe89000 	C:\WINDOWS\SYSTEM32\WSOCK32.dll
0x00007ffd64880000 - 0x00007ffd648ec000 	C:\WINDOWS\System32\WS2_32.dll
0x00007ffd5fde0000 - 0x00007ffd5fe03000 	C:\WINDOWS\SYSTEM32\WINMM.dll
0x00007ffd53d00000 - 0x00007ffd53d0a000 	C:\WINDOWS\SYSTEM32\VERSION.dll
0x00007ffd5faa0000 - 0x00007ffd5faca000 	C:\WINDOWS\SYSTEM32\WINMMBASE.dll
0x00007ffd63e70000 - 0x00007ffd63eb9000 	C:\WINDOWS\System32\cfgmgr32.dll
0x00007ffd3b550000 - 0x00007ffd3b55f000 	C:\Program Files\Java\jre1.8.0_201\bin\verify.dll
0x00007ffd28b60000 - 0x00007ffd28b89000 	C:\Program Files\Java\jre1.8.0_201\bin\java.dll
0x00007ffd27de0000 - 0x00007ffd27df6000 	C:\Program Files\Java\jre1.8.0_201\bin\zip.dll
0x00007ffd64970000 - 0x00007ffd65db0000 	C:\WINDOWS\System32\SHELL32.dll
0x00007ffd64380000 - 0x00007ffd64429000 	C:\WINDOWS\System32\shcore.dll
0x00007ffd63760000 - 0x00007ffd63e6d000 	C:\WINDOWS\System32\windows.storage.dll
0x00007ffd648f0000 - 0x00007ffd64941000 	C:\WINDOWS\System32\shlwapi.dll
0x00007ffd631a0000 - 0x00007ffd631b1000 	C:\WINDOWS\System32\kernel.appcore.dll
0x00007ffd631c0000 - 0x00007ffd631df000 	C:\WINDOWS\System32\profapi.dll
0x00007ffd63150000 - 0x00007ffd6319c000 	C:\WINDOWS\System32\powrprof.dll
0x00007ffd631e0000 - 0x00007ffd631ea000 	C:\WINDOWS\System32\FLTLIB.DLL
0x00007ffd510d0000 - 0x00007ffd510dd000 	C:\Program Files\Java\jre1.8.0_201\bin\management.dll
0x00007ffd276b0000 - 0x00007ffd276ca000 	C:\Program Files\Java\jre1.8.0_201\bin\net.dll
0x00007ffd56530000 - 0x00007ffd566f8000 	C:\WINDOWS\SYSTEM32\urlmon.dll
0x00007ffd56280000 - 0x00007ffd56526000 	C:\WINDOWS\SYSTEM32\iertutil.dll
0x00007ffd62b40000 - 0x00007ffd62b4b000 	C:\WINDOWS\SYSTEM32\CRYPTBASE.DLL
0x00007ffd62970000 - 0x00007ffd629d6000 	C:\WINDOWS\system32\mswsock.dll
0x00007ffd27690000 - 0x00007ffd276a1000 	C:\Program Files\Java\jre1.8.0_201\bin\nio.dll
0x00007ffd4a2a0000 - 0x00007ffd4a2b6000 	C:\WINDOWS\system32\napinsp.dll
0x00007ffd4a280000 - 0x00007ffd4a29a000 	C:\WINDOWS\system32\pnrpnsp.dll
0x00007ffd5e3f0000 - 0x00007ffd5e409000 	C:\WINDOWS\system32\NLAapi.dll
0x00007ffd62730000 - 0x00007ffd627ee000 	C:\WINDOWS\SYSTEM32\DNSAPI.dll
0x00007ffd66e00000 - 0x00007ffd66e08000 	C:\WINDOWS\System32\NSI.dll
0x00007ffd626f0000 - 0x00007ffd62728000 	C:\WINDOWS\SYSTEM32\IPHLPAPI.DLL
0x00007ffd4c250000 - 0x00007ffd4c25e000 	C:\WINDOWS\System32\winrnr.dll
0x0000000074ca0000 - 0x0000000074cc6000 	C:\Program Files\Bonjour\mdnsNSP.dll
0x00007ffd5d180000 - 0x00007ffd5d195000 	C:\WINDOWS\System32\wshbth.dll
0x00007ffd55180000 - 0x00007ffd5518a000 	C:\Windows\System32\rasadhlp.dll
0x00007ffd560a0000 - 0x00007ffd56112000 	C:\WINDOWS\System32\fwpuclnt.dll
0x00007ffd62c50000 - 0x00007ffd62c75000 	C:\WINDOWS\SYSTEM32\bcrypt.dll
0x00007ffd62b20000 - 0x00007ffd62b37000 	C:\WINDOWS\SYSTEM32\CRYPTSP.dll
0x00007ffd62550000 - 0x00007ffd62583000 	C:\WINDOWS\system32\rsaenh.dll
0x00007ffd63050000 - 0x00007ffd63078000 	C:\WINDOWS\SYSTEM32\USERENV.dll
0x00007ffd56f90000 - 0x00007ffd56fa6000 	C:\WINDOWS\SYSTEM32\dhcpcsvc6.DLL
0x00007ffd56ed0000 - 0x00007ffd56eea000 	C:\WINDOWS\SYSTEM32\dhcpcsvc.DLL

VM Arguments:
jvm_args: -Dcom.sun.management.jmxremote -Dcom.sun.management.jmxremote.port=54912 -Dcom.sun.management.jmxremote.authenticate=false -Dcom.sun.management.jmxremote.ssl=false -Djava.rmi.server.hostname=localhost -Dspring.jmx.enabled=true -Dspring.application.admin.enabled=true -Xverify:none -XX:TieredStopAtLevel=1 -Dfile.encoding=UTF-8 
java_command: com.via.Webservice.WebService.WebServiceApplication --spring.output.ansi.enabled=always
java_class_path (initial): C:\Users\nadee\OneDrive\Documents\GitHub\SEP4\Database\Code\WebService\target\classes;C:\Users\nadee\.m2\repository\org\springframework\boot\spring-boot-starter-actuator\2.1.4.RELEASE\spring-boot-starter-actuator-2.1.4.RELEASE.jar;C:\Users\nadee\.m2\repository\org\springframework\boot\spring-boot-starter\2.1.4.RELEASE\spring-boot-starter-2.1.4.RELEASE.jar;C:\Users\nadee\.m2\repository\org\springframework\boot\spring-boot\2.1.4.RELEASE\spring-boot-2.1.4.RELEASE.jar;C:\Users\nadee\.m2\repository\org\springframework\boot\spring-boot-autoconfigure\2.1.4.RELEASE\spring-boot-autoconfigure-2.1.4.RELEASE.jar;C:\Users\nadee\.m2\repository\org\springframework\boot\spring-boot-starter-logging\2.1.4.RELEASE\spring-boot-starter-logging-2.1.4.RELEASE.jar;C:\Users\nadee\.m2\repository\ch\qos\logback\logback-classic\1.2.3\logback-classic-1.2.3.jar;C:\Users\nadee\.m2\repository\ch\qos\logback\logback-core\1.2.3\logback-core-1.2.3.jar;C:\Users\nadee\.m2\repository\org\apache\logging\log4j\log4j-to-slf4j\2.11.2\log4j-to-slf4j-2.11.2.jar;C:\Users\nadee\.m2\repository\org\apache\logging\log4j\log4j-api\2.11.2\log4j-api-2.11.2.jar;C:\Users\nadee\.m2\repository\org\slf4j\jul-to-slf4j\1.7.26\jul-to-slf4j-1.7.26.jar;C:\Users\nadee\.m2\repository\javax\annotation\javax.annotation-api\1.3.2\javax.annotation-api-1.3.2.jar;C:\Users\nadee\.m2\repository\org\yaml\snakeyaml\1.23\snakeyaml-1.23.jar;C:\Users\nadee\.m2\repository\org\springframework\boot\spring-boot-actuator-autoconfigure\2.1.4.RELEASE\spring-boot-actuator-autoconfigure-2.1.4.RELEASE.jar;C:\Users\nadee\.m2\repository\org\springframework\boot\spring-boot-actuator\2.1.4.RELEASE\spring-boot-actuator-2.1.4.RELEASE.jar;C:\Users\nadee\.m2\repository\com\fasterxml\jackson\core\jackson-databind\2.9.8\jackson-databind-2.9.8.jar;C:\Users\nadee\.m2\repository\com\fasterxml\jackson\core\jackson-annotations\2.9.0\jackson-annotations-2.9.0.jar;C:\Users\nadee\.m2\repository\com\fasterxml\jackson\core\jackson-core\2.9.8\
Launcher Type: SUN_STANDARD

Environment Variables:
JAVA_HOME=C:\Program Files (x86)\Java\jdk1.8.0_161
CLASSPATH=.;
PATH=C:/Program Files/Java/jre1.8.0_201/bin/server;C:/Program Files/Java/jre1.8.0_201/bin;C:/Program Files/Java/jre1.8.0_201/lib/amd64;C:\Python27\;C:\Python27\Scripts;C:\Program Files (x86)\Common Files\Oracle\Java\javapath;C:\ProgramData\Oracle\Java\javapath;C:\Program Files (x86)\Intel\iCLS Client\;C:\Program Files\Intel\iCLS Client\;C:\Program Files\Broadcom\Broadcom 802.11 Network Adapter;C:\WINDOWS\system32;C:\WINDOWS;C:\WINDOWS\System32\Wbem;C:\WINDOWS\System32\WindowsPowerShell\v1.0\;C:\Program Files\Lenovo\Bluetooth Software\;C:\Program Files\Lenovo\Bluetooth Software\syswow64;C:\Program Files (x86)\Brackets\command;C:\Program Files (x86)\Intel\Intel(R) Management Engine Components\DAL;C:\Program Files\Intel\Intel(R) Management Engine Components\DAL;C:\Program Files (x86)\Intel\Intel(R) Management Engine Components\IPT;C:\Program Files\Intel\Intel(R) Management Engine Components\IPT;C:\WINDOWS\System32\OpenSSH\;C:\Program Files (x86)\dotnet\;C:\Program Files\dotnet\;C:\Program Files\Microsoft SQL Server\130\Tools\Binn\;C:\Program Files\Git\cmd;C:\MinGW\bin;C:\Program Files\apache-maven-3.6.0\bin;C:\Program Files (x86)\Java\jdk1.8.0_161\bin;C:\Program Files\apache-maven-3.6.0\bin;C:\ProgramData\chocolatey\bin;C:\Program Files\MongoDB\Server\4.0\bin;C:\Program Files\PuTTY\;C:\Program Files\Microsoft SQL Server\Client SDK\ODBC\130\Tools\Binn\;C:\Program Files (x86)\Microsoft SQL Server\140\Tools\Binn\;C:\Program Files\Microsoft SQL Server\140\Tools\Binn\;C:\Program Files\Microsoft SQL Server\140\DTS\Binn\;C:\Program Files (x86)\Microsoft SQL Server\Client SDK\ODBC\130\Tools\Binn\;C:\Program Files (x86)\Microsoft SQL Server\140\DTS\Binn\;C:\Program Files (x86)\Microsoft SQL Server\140\Tools\Binn\ManagementStudio\;C:\Users\nadee\AppData\Local\Microsoft\WindowsApps;C:\Users\nadee\AppData\Local\GitHubDesktop\bin;C:\Users\nadee\AppData\Local\Microsoft\WindowsApps;;C:\Users\nadee\.dotnet\tools;D:\ICT\Third Semester\SDJ3X\Spring Boot;
USERNAME=nadee
OS=Windows_NT
PROCESSOR_IDENTIFIER=Intel64 Family 6 Model 78 Stepping 3, GenuineIntel



---------------  S Y S T E M  ---------------

OS: Windows 10.0 , 64 bit Build 17134 (10.0.17134.706)

CPU:total 4 (initial active 4) (2 cores per cpu, 2 threads per core) family 6 model 78 stepping 3, cmov, cx8, fxsr, mmx, sse, sse2, sse3, ssse3, sse4.1, sse4.2, popcnt, avx, avx2, aes, clmul, erms, 3dnowpref, lzcnt, ht, tsc, tscinvbit, bmi1, bmi2, adx

Memory: 4k page, physical 8180792k(809060k free), swap 15854900k(5120k free)

vm_info: Java HotSpot(TM) 64-Bit Server VM (25.201-b09) for windows-amd64 JRE (1.8.0_201-b09), built on Dec 15 2018 18:36:39 by "java_re" with MS VC++ 10.0 (VS2010)

time: Wed May 08 13:12:34 2019
timezone: Romance Daylight Time
elapsed time: 1 seconds (0d 0h 0m 1s)

